<?xml version="1.0" encoding="UTF-8"?>
<!-- Generated by org.testng.reporters.JUnitXMLReporter -->
<testsuite ignored="0" hostname="LAPTOP-9BQHQHON" failures="0" tests="6" name="mytest" time="22.773" errors="0" timestamp="2023-02-19T18:52:35 IST">
  <testcase classname="day35_TestNG.ThirdTest" name="openApp" time="9.642"/>
  <testcase classname="day35_TestNG.ThirdTest" name="login" time="2.156"/>
  <testcase classname="day35_TestNG.ThirdTest" name="closeApp" time="10.913"/>
  <testcase classname="day35_TestNG.FourthTest" name="openApp" time="0.004"/>
  <testcase classname="day35_TestNG.FourthTest" name="login" time="0.002"/>
  <testcase classname="day35_TestNG.FourthTest" name="logout" time="0.002"/>
</testsuite> <!-- mytest -->
