<?xml version="1.0" encoding="UTF-8"?>
<!-- Generated by org.testng.reporters.JUnitXMLReporter -->
<testsuite ignored="6" hostname="LAPTOP-9BQHQHON" failures="0" tests="3" name="my tests" time="0.062" errors="0" timestamp="2023-02-21T16:53:29 IST">
  <testcase classname="day37.Grouping" name="loginByfacebook" time="0.012"/>
  <testcase classname="day37.Grouping" name="loginBytwitter" time="0.001"/>
  <testcase classname="day37.Grouping" name="paymentindollar" time="0.001"/>
  <testcase classname="day37.Grouping" name="signupbytwitter" time="0.0">
    <ignored/>
  </testcase> <!-- signupbytwitter -->
  <testcase classname="day37.Grouping" name="paymentReturnbyBank" time="0.0">
    <ignored/>
  </testcase> <!-- paymentReturnbyBank -->
  <testcase classname="day37.Grouping" name="signupbyemail" time="0.0">
    <ignored/>
  </testcase> <!-- signupbyemail -->
  <testcase classname="day37.Grouping" name="loginByEmail" time="0.0">
    <ignored/>
  </testcase> <!-- loginByEmail -->
  <testcase classname="day37.Grouping" name="signupbyfacebook" time="0.0">
    <ignored/>
  </testcase> <!-- signupbyfacebook -->
  <testcase classname="day37.Grouping" name="paymentinrupees" time="0.0">
    <ignored/>
  </testcase> <!-- paymentinrupees -->
</testsuite> <!-- my tests -->
